C:\Users\Gavrilo\source\repos\Dol\Dolasci\ClientApp\dist\out-tsc\src\app\radnici\Radnik.js
C:\Users\Gavrilo\source\repos\Dol\Dolasci\ClientApp\dist\out-tsc\src\app\radnici\Radnik.js.map
C:\Users\Gavrilo\source\repos\Dol\Dolasci\ClientApp\dist\out-tsc\src\app\radnici\RadnikIspis.js
C:\Users\Gavrilo\source\repos\Dol\Dolasci\ClientApp\dist\out-tsc\src\app\radnici\RadnikIspis.js.map
C:\Users\Gavrilo\source\repos\Dol\Dolasci\ClientApp\dist\out-tsc\src\app\radnici.service.js
C:\Users\Gavrilo\source\repos\Dol\Dolasci\ClientApp\dist\out-tsc\src\app\radnici.service.js.map
C:\Users\Gavrilo\source\repos\Dol\Dolasci\ClientApp\dist\out-tsc\src\app\radnici\radnici.component.js
C:\Users\Gavrilo\source\repos\Dol\Dolasci\ClientApp\dist\out-tsc\src\app\radnici\radnici.component.js.map
C:\Users\Gavrilo\source\repos\Dol\Dolasci\ClientApp\dist\out-tsc\src\app\dolasci.service.js
C:\Users\Gavrilo\source\repos\Dol\Dolasci\ClientApp\dist\out-tsc\src\app\dolasci.service.js.map
C:\Users\Gavrilo\source\repos\Dol\Dolasci\ClientApp\dist\out-tsc\src\app\Models\Dolazak.js
C:\Users\Gavrilo\source\repos\Dol\Dolasci\ClientApp\dist\out-tsc\src\app\Models\Dolazak.js.map
C:\Users\Gavrilo\source\repos\Dol\Dolasci\ClientApp\dist\out-tsc\src\app\Models\DolazakIspis.js
C:\Users\Gavrilo\source\repos\Dol\Dolasci\ClientApp\dist\out-tsc\src\app\Models\DolazakIspis.js.map
C:\Users\Gavrilo\source\repos\Dol\Dolasci\ClientApp\dist\out-tsc\src\app\edit-radnik\edit-radnik.component.js
C:\Users\Gavrilo\source\repos\Dol\Dolasci\ClientApp\dist\out-tsc\src\app\edit-radnik\edit-radnik.component.js.map
C:\Users\Gavrilo\source\repos\Dol\Dolasci\ClientApp\dist\out-tsc\src\app\dodaj-radnika\dodaj-radnika.component.js
C:\Users\Gavrilo\source\repos\Dol\Dolasci\ClientApp\dist\out-tsc\src\app\dodaj-radnika\dodaj-radnika.component.js.map
C:\Users\Gavrilo\source\repos\Dol\Dolasci\ClientApp\dist\out-tsc\src\app\konvertovanje.js
C:\Users\Gavrilo\source\repos\Dol\Dolasci\ClientApp\dist\out-tsc\src\app\konvertovanje.js.map
C:\Users\Gavrilo\source\repos\Dol\Dolasci\ClientApp\dist\out-tsc\src\app\edit-dolazak\edit-dolazak.component.js
C:\Users\Gavrilo\source\repos\Dol\Dolasci\ClientApp\dist\out-tsc\src\app\edit-dolazak\edit-dolazak.component.js.map
C:\Users\Gavrilo\source\repos\Dol\Dolasci\ClientApp\dist\out-tsc\src\app\dolasci\dolasci.component.js
C:\Users\Gavrilo\source\repos\Dol\Dolasci\ClientApp\dist\out-tsc\src\app\dolasci\dolasci.component.js.map
C:\Users\Gavrilo\source\repos\Dol\Dolasci\ClientApp\dist\out-tsc\src\app\Models\checkiraniDolazak.js
C:\Users\Gavrilo\source\repos\Dol\Dolasci\ClientApp\dist\out-tsc\src\app\Models\checkiraniDolazak.js.map
C:\Users\Gavrilo\source\repos\Dol\Dolasci\ClientApp\dist\out-tsc\src\app\dodaj-dolaske\dodaj-dolaske.component.js
C:\Users\Gavrilo\source\repos\Dol\Dolasci\ClientApp\dist\out-tsc\src\app\dodaj-dolaske\dodaj-dolaske.component.js.map
C:\Users\Gavrilo\source\repos\Dol\Dolasci\ClientApp\dist\out-tsc\src\app\edit-podrazumevani-dolazak\edit-podrazumevani-dolazak.component.js
C:\Users\Gavrilo\source\repos\Dol\Dolasci\ClientApp\dist\out-tsc\src\app\edit-podrazumevani-dolazak\edit-podrazumevani-dolazak.component.js.map
C:\Users\Gavrilo\source\repos\Dol\Dolasci\ClientApp\dist\out-tsc\src\app\app-routing.module.js
C:\Users\Gavrilo\source\repos\Dol\Dolasci\ClientApp\dist\out-tsc\src\app\app-routing.module.js.map
C:\Users\Gavrilo\source\repos\Dol\Dolasci\ClientApp\dist\out-tsc\src\app\app.component.js
C:\Users\Gavrilo\source\repos\Dol\Dolasci\ClientApp\dist\out-tsc\src\app\app.component.js.map
C:\Users\Gavrilo\source\repos\Dol\Dolasci\ClientApp\dist\out-tsc\src\app\nav\nav.component.js
C:\Users\Gavrilo\source\repos\Dol\Dolasci\ClientApp\dist\out-tsc\src\app\nav\nav.component.js.map
C:\Users\Gavrilo\source\repos\Dol\Dolasci\ClientApp\dist\out-tsc\src\app\app.module.js
C:\Users\Gavrilo\source\repos\Dol\Dolasci\ClientApp\dist\out-tsc\src\app\app.module.js.map
C:\Users\Gavrilo\source\repos\Dol\Dolasci\ClientApp\dist\out-tsc\src\environments\environment.js
C:\Users\Gavrilo\source\repos\Dol\Dolasci\ClientApp\dist\out-tsc\src\environments\environment.js.map
C:\Users\Gavrilo\source\repos\Dol\Dolasci\ClientApp\dist\out-tsc\src\main.js
C:\Users\Gavrilo\source\repos\Dol\Dolasci\ClientApp\dist\out-tsc\src\main.js.map
C:\Users\Gavrilo\source\repos\Dol\Dolasci\ClientApp\dist\out-tsc\src\polyfills.js
C:\Users\Gavrilo\source\repos\Dol\Dolasci\ClientApp\dist\out-tsc\src\polyfills.js.map
C:\Users\Gavrilo\source\repos\Dol\Dolasci\ClientApp\dist\out-tsc\src\test.js
C:\Users\Gavrilo\source\repos\Dol\Dolasci\ClientApp\dist\out-tsc\src\test.js.map
C:\Users\Gavrilo\source\repos\Dol\Dolasci\ClientApp\dist\out-tsc\e2e\src\app.po.js
C:\Users\Gavrilo\source\repos\Dol\Dolasci\ClientApp\dist\out-tsc\e2e\src\app.po.js.map
C:\Users\Gavrilo\source\repos\Dol\Dolasci\ClientApp\dist\out-tsc\e2e\src\app.e2e-spec.js
C:\Users\Gavrilo\source\repos\Dol\Dolasci\ClientApp\dist\out-tsc\e2e\src\app.e2e-spec.js.map
C:\Users\Gavrilo\source\repos\Dol\Dolasci\ClientApp\dist\out-tsc\src\app\app.component.spec.js
C:\Users\Gavrilo\source\repos\Dol\Dolasci\ClientApp\dist\out-tsc\src\app\app.component.spec.js.map
C:\Users\Gavrilo\source\repos\Dol\Dolasci\ClientApp\dist\out-tsc\src\app\dolasci.service.spec.js
C:\Users\Gavrilo\source\repos\Dol\Dolasci\ClientApp\dist\out-tsc\src\app\dolasci.service.spec.js.map
C:\Users\Gavrilo\source\repos\Dol\Dolasci\ClientApp\dist\out-tsc\src\app\konvertovanje.spec.js
C:\Users\Gavrilo\source\repos\Dol\Dolasci\ClientApp\dist\out-tsc\src\app\konvertovanje.spec.js.map
C:\Users\Gavrilo\source\repos\Dol\Dolasci\ClientApp\dist\out-tsc\src\app\radnici.service.spec.js
C:\Users\Gavrilo\source\repos\Dol\Dolasci\ClientApp\dist\out-tsc\src\app\radnici.service.spec.js.map
C:\Users\Gavrilo\source\repos\Dol\Dolasci\ClientApp\dist\out-tsc\src\environments\environment.prod.js
C:\Users\Gavrilo\source\repos\Dol\Dolasci\ClientApp\dist\out-tsc\src\environments\environment.prod.js.map
C:\Users\Gavrilo\source\repos\Dol\Dolasci\ClientApp\dist\out-tsc\src\app\dodaj-dolaske\dodaj-dolaske.component.spec.js
C:\Users\Gavrilo\source\repos\Dol\Dolasci\ClientApp\dist\out-tsc\src\app\dodaj-dolaske\dodaj-dolaske.component.spec.js.map
C:\Users\Gavrilo\source\repos\Dol\Dolasci\ClientApp\dist\out-tsc\src\app\dodaj-radnika\dodaj-radnika.component.spec.js
C:\Users\Gavrilo\source\repos\Dol\Dolasci\ClientApp\dist\out-tsc\src\app\dodaj-radnika\dodaj-radnika.component.spec.js.map
C:\Users\Gavrilo\source\repos\Dol\Dolasci\ClientApp\dist\out-tsc\src\app\dolasci\dolasci.component.spec.js
C:\Users\Gavrilo\source\repos\Dol\Dolasci\ClientApp\dist\out-tsc\src\app\dolasci\dolasci.component.spec.js.map
C:\Users\Gavrilo\source\repos\Dol\Dolasci\ClientApp\dist\out-tsc\src\app\edit-dolazak\edit-dolazak.component.spec.js
C:\Users\Gavrilo\source\repos\Dol\Dolasci\ClientApp\dist\out-tsc\src\app\edit-dolazak\edit-dolazak.component.spec.js.map
C:\Users\Gavrilo\source\repos\Dol\Dolasci\ClientApp\dist\out-tsc\src\app\edit-podrazumevani-dolazak\edit-podrazumevani-dolazak.component.spec.js
C:\Users\Gavrilo\source\repos\Dol\Dolasci\ClientApp\dist\out-tsc\src\app\edit-podrazumevani-dolazak\edit-podrazumevani-dolazak.component.spec.js.map
C:\Users\Gavrilo\source\repos\Dol\Dolasci\ClientApp\dist\out-tsc\src\app\edit-radnik\edit-radnik.component.spec.js
C:\Users\Gavrilo\source\repos\Dol\Dolasci\ClientApp\dist\out-tsc\src\app\edit-radnik\edit-radnik.component.spec.js.map
C:\Users\Gavrilo\source\repos\Dol\Dolasci\ClientApp\dist\out-tsc\src\app\nav\nav.component.spec.js
C:\Users\Gavrilo\source\repos\Dol\Dolasci\ClientApp\dist\out-tsc\src\app\nav\nav.component.spec.js.map
C:\Users\Gavrilo\source\repos\Dol\Dolasci\ClientApp\dist\out-tsc\src\app\radnici\radnici.component.spec.js
C:\Users\Gavrilo\source\repos\Dol\Dolasci\ClientApp\dist\out-tsc\src\app\radnici\radnici.component.spec.js.map
